<?xml version="1.0" encoding="UTF-8"?>
<robot generator="Robot 3.1.2 (Python 3.7.1 on win32)" generated="20190724 10:00:09.928" rpa="false">
<suite id="s1" name="Regexp" source="C:\Users\CTEAMYSLP0025\PycharmProjects\Regularexp\regexp.robot">
<test id="s1-t1" name="Test Regular Ezpression">
<kw name="Validate Input String">
<arguments>
<arg>${MY_VALUE1}</arg>
</arguments>
<kw name="Should Match Regexp" library="BuiltIn">
<doc>Fails if ``string`` does not match ``pattern`` as a regular expression.</doc>
<arguments>
<arg>${input1}</arg>
<arg>"(bb)*(a+c)*b(a+c)*(bb)*(a+c)*(bb)*"</arg>
</arguments>
<msg timestamp="20190724 10:00:09.957" level="FAIL">'"abbbcbb"' does not match '"(bb)*(a+c)*b(a+c)*(bb)*(a+c)*(bb)*"'</msg>
<status status="FAIL" starttime="20190724 10:00:09.957" endtime="20190724 10:00:09.957"></status>
</kw>
<status status="FAIL" starttime="20190724 10:00:09.956" endtime="20190724 10:00:09.957"></status>
</kw>
<status status="FAIL" starttime="20190724 10:00:09.956" endtime="20190724 10:00:09.957" critical="yes">'"abbbcbb"' does not match '"(bb)*(a+c)*b(a+c)*(bb)*(a+c)*(bb)*"'</status>
</test>
<status status="FAIL" starttime="20190724 10:00:09.929" endtime="20190724 10:00:09.958"></status>
</suite>
<statistics>
<total>
<stat pass="0" fail="1">Critical Tests</stat>
<stat pass="0" fail="1">All Tests</stat>
</total>
<tag>
</tag>
<suite>
<stat pass="0" fail="1" id="s1" name="Regexp">Regexp</stat>
</suite>
</statistics>
<errors>
</errors>
</robot>
